[2017-08-20 16:04:59] Текст ошибки: Страница не найдена | Файл: D:\WebServer\domains\ishop2.loc\public\index.php | Строка: 8
=================
[2017-08-20 16:05:11] Текст ошибки: Страница не найдена | Файл: D:\WebServer\domains\ishop2.loc\public\index.php | Строка: 8
=================
[2017-08-20 16:05:16] Текст ошибки: Страница не найдена | Файл: D:\WebServer\domains\ishop2.loc\public\index.php | Строка: 8
=================
[2017-08-20 16:05:25] Текст ошибки: Страница не найдена | Файл: D:\WebServer\domains\ishop2.loc\public\index.php | Строка: 8
=================
[2017-08-20 16:05:37] Текст ошибки: Страница не найдена | Файл: D:\WebServer\domains\ishop2.loc\public\index.php | Строка: 8
=================
[2017-08-20 16:05:46] Текст ошибки: Страница не найдена | Файл: D:\WebServer\domains\ishop2.loc\public\index.php | Строка: 8
=================
[2017-08-20 16:07:33] Текст ошибки: Страница не найдена!!! | Файл: D:\WebServer\domains\ishop2.loc\public\index.php | Строка: 8
=================
[2017-08-20 16:08:53] Текст ошибки: Страница не найдена!!! | Файл: D:\WebServer\domains\ishop2.loc\public\index.php | Строка: 8
=================
[2017-08-20 16:09:00] Текст ошибки: Страница не найдена!!! | Файл: D:\WebServer\domains\ishop2.loc\public\index.php | Строка: 8
=================
[2017-08-20 16:09:04] Текст ошибки: Страница не найдена!!! | Файл: D:\WebServer\domains\ishop2.loc\public\index.php | Строка: 8
=================
[2017-08-20 16:10:32] Текст ошибки: Страница не найдена!!! | Файл: D:\WebServer\domains\ishop2.loc\public\index.php | Строка: 8
=================
[2017-08-20 16:10:37] Текст ошибки: Страница не найдена!!! | Файл: D:\WebServer\domains\ishop2.loc\public\index.php | Строка: 8
=================
[2017-08-20 16:10:48] Текст ошибки: Страница не найдена!!! | Файл: D:\WebServer\domains\ishop2.loc\public\index.php | Строка: 8
=================
[2017-08-21 10:41:17] Текст ошибки: Страница не найдена!!! | Файл: D:\WebServer\domains\ishop2.loc\public\index.php | Строка: 8
=================
[2017-08-21 10:41:17] Текст ошибки: Страница не найдена!!! | Файл: D:\WebServer\domains\ishop2.loc\public\index.php | Строка: 8
=================
[2017-08-21 10:41:17] Текст ошибки: Страница не найдена!!! | Файл: D:\WebServer\domains\ishop2.loc\public\index.php | Строка: 8
=================
[2017-08-21 10:46:30] Текст ошибки: Страница не найдена!!! | Файл: D:\WebServer\domains\ishop2.loc\public\index.php | Строка: 8
=================
[2017-08-21 11:16:05] Текст ошибки: Страница не найдена | Файл: D:\WebServer\domains\ishop2.loc\vendor\ishop\core\Router.php | Строка: 26
=================
[2017-08-21 11:16:31] Текст ошибки: Страница не найдена | Файл: D:\WebServer\domains\ishop2.loc\vendor\ishop\core\Router.php | Строка: 26
=================
[2017-08-21 11:16:34] Текст ошибки: Страница не найдена | Файл: D:\WebServer\domains\ishop2.loc\vendor\ishop\core\Router.php | Строка: 26
=================
[2017-08-21 11:30:20] Текст ошибки: Контроллер app\controllers\PageController не найден | Файл: D:\WebServer\domains\ishop2.loc\vendor\ishop\core\Router.php | Строка: 30
=================
[2017-08-21 11:32:18] Текст ошибки: Контроллер app\controllers\PageController не найден | Файл: D:\WebServer\domains\ishop2.loc\vendor\ishop\core\Router.php | Строка: 34
=================
[2017-08-21 11:32:20] Текст ошибки: Контроллер app\controllers\MainController не найден | Файл: D:\WebServer\domains\ishop2.loc\vendor\ishop\core\Router.php | Строка: 34
=================
[2017-08-21 11:32:45] Текст ошибки: Метод app\controllers\MainController::indexAction не найден | Файл: D:\WebServer\domains\ishop2.loc\vendor\ishop\core\Router.php | Строка: 31
=================
[2017-08-21 11:33:21] Текст ошибки: Контроллер app\controllers\PageController не найден | Файл: D:\WebServer\domains\ishop2.loc\vendor\ishop\core\Router.php | Строка: 34
=================
[2017-08-21 11:34:13] Текст ошибки: Страница не найдена | Файл: D:\WebServer\domains\ishop2.loc\vendor\ishop\core\Router.php | Строка: 37
=================
[2018-04-10 22:45:31] Текст ошибки: Контроллер app\controllers\NewpageController не найден | Файл: E:\OpenServer\domains\ishop.loc\vendor\ishop\core\Router.php | Строка: 34
=================
[2018-04-10 22:45:46] Текст ошибки: Страница не найдена | Файл: E:\OpenServer\domains\ishop.loc\vendor\ishop\core\Router.php | Строка: 37
=================
[2018-04-10 22:45:50] Текст ошибки: Метод app\controllers\PageController::aboutAction не найден | Файл: E:\OpenServer\domains\ishop.loc\vendor\ishop\core\Router.php | Строка: 31
=================
[2018-04-15 18:57:35] Текст ошибки: Страница не найдена | Файл: E:\OpenServer\domains\ishop.loc\vendor\ishop\core\Router.php | Строка: 37
=================
[2018-04-16 10:38:29] Текст ошибки: Страница не найдена | Файл: E:\OpenServer\domains\ishop.loc\vendor\ishop\core\Router.php | Строка: 38
=================
[2018-04-16 10:38:29] Текст ошибки: Страница не найдена | Файл: E:\OpenServer\domains\ishop.loc\vendor\ishop\core\Router.php | Строка: 38
=================
[2018-04-16 11:01:06] Текст ошибки: Страница не найдена | Файл: E:\OpenServer\domains\ishop.loc\vendor\ishop\core\Router.php | Строка: 38
=================
[2018-04-16 11:01:13] Текст ошибки: Страница не найдена | Файл: E:\OpenServer\domains\ishop.loc\vendor\ishop\core\Router.php | Строка: 38
=================
[2018-04-16 11:01:31] Текст ошибки: Страница не найдена | Файл: E:\OpenServer\domains\ishop.loc\vendor\ishop\core\Router.php | Строка: 38
=================
[2018-04-16 11:01:39] Текст ошибки: Страница не найдена | Файл: E:\OpenServer\domains\ishop.loc\vendor\ishop\core\Router.php | Строка: 38
=================
[2018-04-16 11:02:53] Текст ошибки: Страница не найдена | Файл: E:\OpenServer\domains\ishop.loc\vendor\ishop\core\Router.php | Строка: 38
=================
[2018-04-16 11:10:02] Текст ошибки: Страница не найдена | Файл: E:\OpenServer\domains\ishop.loc\vendor\ishop\core\Router.php | Строка: 38
=================
[2018-04-16 11:10:02] Текст ошибки: Страница не найдена | Файл: E:\OpenServer\domains\ishop.loc\vendor\ishop\core\Router.php | Строка: 38
=================
[2018-04-16 11:10:05] Текст ошибки: Страница не найдена | Файл: E:\OpenServer\domains\ishop.loc\vendor\ishop\core\Router.php | Строка: 38
=================
[2018-04-16 11:11:36] Текст ошибки: Страница не найдена | Файл: E:\OpenServer\domains\ishop.loc\vendor\ishop\core\Router.php | Строка: 38
=================
[2018-04-16 11:14:36] Текст ошибки: Страница не найдена | Файл: E:\OpenServer\domains\ishop.loc\vendor\ishop\core\Router.php | Строка: 38
=================
[2018-04-16 11:14:38] Текст ошибки: Страница не найдена | Файл: E:\OpenServer\domains\ishop.loc\vendor\ishop\core\Router.php | Строка: 38
=================
[2018-04-16 11:16:42] Текст ошибки: Страница не найдена | Файл: E:\OpenServer\domains\ishop.loc\vendor\ishop\core\Router.php | Строка: 38
=================
[2018-04-16 13:12:55] Текст ошибки: Unsupported database (). | Файл: E:\OpenServer\domains\ishop.loc\vendor\gabordemooij\redbean\RedBeanPHP\Facade.php | Строка: 354
=================
[2018-04-16 13:13:33] Текст ошибки: Unsupported database (). | Файл: E:\OpenServer\domains\ishop.loc\vendor\gabordemooij\redbean\RedBeanPHP\Facade.php | Строка: 354
=================
[2018-04-16 18:23:53] Текст ошибки: Страница не найдена | Файл: E:\OpenServer\domains\ishop.loc\vendor\ishop\core\Router.php | Строка: 38
=================
[2018-04-16 18:23:53] Текст ошибки: Страница не найдена | Файл: E:\OpenServer\domains\ishop.loc\vendor\ishop\core\Router.php | Строка: 38
=================
[2018-04-16 18:23:53] Текст ошибки: Страница не найдена | Файл: E:\OpenServer\domains\ishop.loc\vendor\ishop\core\Router.php | Строка: 38
=================
[2018-04-16 18:23:55] Текст ошибки: Страница не найдена | Файл: E:\OpenServer\domains\ishop.loc\vendor\ishop\core\Router.php | Строка: 38
=================
[2018-04-16 18:23:55] Текст ошибки: Страница не найдена | Файл: E:\OpenServer\domains\ishop.loc\vendor\ishop\core\Router.php | Строка: 38
=================
[2018-04-16 18:23:55] Текст ошибки: Страница не найдена | Файл: E:\OpenServer\domains\ishop.loc\vendor\ishop\core\Router.php | Строка: 38
=================
[2018-04-16 18:23:55] Текст ошибки: Страница не найдена | Файл: E:\OpenServer\domains\ishop.loc\vendor\ishop\core\Router.php | Строка: 38
=================
[2018-04-16 18:23:55] Текст ошибки: Страница не найдена | Файл: E:\OpenServer\domains\ishop.loc\vendor\ishop\core\Router.php | Строка: 38
=================
[2018-04-16 18:23:55] Текст ошибки: Страница не найдена | Файл: E:\OpenServer\domains\ishop.loc\vendor\ishop\core\Router.php | Строка: 38
=================
[2018-04-16 18:23:55] Текст ошибки: Страница не найдена | Файл: E:\OpenServer\domains\ishop.loc\vendor\ishop\core\Router.php | Строка: 38
=================
[2018-04-16 18:23:55] Текст ошибки: Страница не найдена | Файл: E:\OpenServer\domains\ishop.loc\vendor\ishop\core\Router.php | Строка: 38
=================
[2018-04-16 18:23:55] Текст ошибки: Страница не найдена | Файл: E:\OpenServer\domains\ishop.loc\vendor\ishop\core\Router.php | Строка: 38
=================
[2018-04-16 18:23:55] Текст ошибки: Страница не найдена | Файл: E:\OpenServer\domains\ishop.loc\vendor\ishop\core\Router.php | Строка: 38
=================
[2018-04-16 18:23:56] Текст ошибки: Страница не найдена | Файл: E:\OpenServer\domains\ishop.loc\vendor\ishop\core\Router.php | Строка: 38
=================
[2018-04-16 18:25:01] Текст ошибки: Страница не найдена | Файл: E:\OpenServer\domains\ishop.loc\vendor\ishop\core\Router.php | Строка: 38
=================
[2018-04-16 18:25:01] Текст ошибки: Страница не найдена | Файл: E:\OpenServer\domains\ishop.loc\vendor\ishop\core\Router.php | Строка: 38
=================
[2018-04-16 18:25:01] Текст ошибки: Страница не найдена | Файл: E:\OpenServer\domains\ishop.loc\vendor\ishop\core\Router.php | Строка: 38
=================
[2018-04-16 18:25:01] Текст ошибки: Страница не найдена | Файл: E:\OpenServer\domains\ishop.loc\vendor\ishop\core\Router.php | Строка: 38
=================
[2018-04-16 18:25:01] Текст ошибки: Страница не найдена | Файл: E:\OpenServer\domains\ishop.loc\vendor\ishop\core\Router.php | Строка: 38
=================
[2018-04-16 18:25:01] Текст ошибки: Страница не найдена | Файл: E:\OpenServer\domains\ishop.loc\vendor\ishop\core\Router.php | Строка: 38
=================
[2018-04-16 18:25:01] Текст ошибки: Страница не найдена | Файл: E:\OpenServer\domains\ishop.loc\vendor\ishop\core\Router.php | Строка: 38
=================
[2018-04-16 18:25:01] Текст ошибки: Страница не найдена | Файл: E:\OpenServer\domains\ishop.loc\vendor\ishop\core\Router.php | Строка: 38
=================
[2018-04-16 18:25:01] Текст ошибки: Страница не найдена | Файл: E:\OpenServer\domains\ishop.loc\vendor\ishop\core\Router.php | Строка: 38
=================
[2018-04-16 18:25:02] Текст ошибки: Страница не найдена | Файл: E:\OpenServer\domains\ishop.loc\vendor\ishop\core\Router.php | Строка: 38
=================
[2018-04-16 18:25:02] Текст ошибки: Страница не найдена | Файл: E:\OpenServer\domains\ishop.loc\vendor\ishop\core\Router.php | Строка: 38
=================
[2018-04-16 18:25:02] Текст ошибки: Страница не найдена | Файл: E:\OpenServer\domains\ishop.loc\vendor\ishop\core\Router.php | Строка: 38
=================
[2018-04-16 18:25:02] Текст ошибки: Страница не найдена | Файл: E:\OpenServer\domains\ishop.loc\vendor\ishop\core\Router.php | Строка: 38
=================
[2018-04-16 18:25:02] Текст ошибки: Страница не найдена | Файл: E:\OpenServer\domains\ishop.loc\vendor\ishop\core\Router.php | Строка: 38
=================
[2018-04-16 18:26:07] Текст ошибки: Страница не найдена | Файл: E:\OpenServer\domains\ishop.loc\vendor\ishop\core\Router.php | Строка: 38
=================
[2018-04-16 18:26:07] Текст ошибки: Страница не найдена | Файл: E:\OpenServer\domains\ishop.loc\vendor\ishop\core\Router.php | Строка: 38
=================
[2018-04-16 18:26:07] Текст ошибки: Страница не найдена | Файл: E:\OpenServer\domains\ishop.loc\vendor\ishop\core\Router.php | Строка: 38
=================
[2018-04-16 18:26:08] Текст ошибки: Страница не найдена | Файл: E:\OpenServer\domains\ishop.loc\vendor\ishop\core\Router.php | Строка: 38
=================
[2018-04-16 18:26:08] Текст ошибки: Страница не найдена | Файл: E:\OpenServer\domains\ishop.loc\vendor\ishop\core\Router.php | Строка: 38
=================
[2018-04-16 18:26:08] Текст ошибки: Страница не найдена | Файл: E:\OpenServer\domains\ishop.loc\vendor\ishop\core\Router.php | Строка: 38
=================
[2018-04-16 18:26:08] Текст ошибки: Страница не найдена | Файл: E:\OpenServer\domains\ishop.loc\vendor\ishop\core\Router.php | Строка: 38
=================
[2018-04-16 18:26:08] Текст ошибки: Страница не найдена | Файл: E:\OpenServer\domains\ishop.loc\vendor\ishop\core\Router.php | Строка: 38
=================
[2018-04-16 18:26:08] Текст ошибки: Страница не найдена | Файл: E:\OpenServer\domains\ishop.loc\vendor\ishop\core\Router.php | Строка: 38
=================
[2018-04-16 18:26:08] Текст ошибки: Страница не найдена | Файл: E:\OpenServer\domains\ishop.loc\vendor\ishop\core\Router.php | Строка: 38
=================
[2018-04-16 18:26:08] Текст ошибки: Страница не найдена | Файл: E:\OpenServer\domains\ishop.loc\vendor\ishop\core\Router.php | Строка: 38
=================
[2018-04-16 18:26:08] Текст ошибки: Страница не найдена | Файл: E:\OpenServer\domains\ishop.loc\vendor\ishop\core\Router.php | Строка: 38
=================
[2018-04-16 18:26:08] Текст ошибки: Страница не найдена | Файл: E:\OpenServer\domains\ishop.loc\vendor\ishop\core\Router.php | Строка: 38
=================
[2018-04-16 18:26:08] Текст ошибки: Страница не найдена | Файл: E:\OpenServer\domains\ishop.loc\vendor\ishop\core\Router.php | Строка: 38
=================
[2018-04-16 18:26:44] Текст ошибки: Страница не найдена | Файл: E:\OpenServer\domains\ishop.loc\vendor\ishop\core\Router.php | Строка: 38
=================
[2018-04-16 18:26:44] Текст ошибки: Страница не найдена | Файл: E:\OpenServer\domains\ishop.loc\vendor\ishop\core\Router.php | Строка: 38
=================
[2018-04-16 18:26:44] Текст ошибки: Страница не найдена | Файл: E:\OpenServer\domains\ishop.loc\vendor\ishop\core\Router.php | Строка: 38
=================
[2018-04-16 18:26:44] Текст ошибки: Страница не найдена | Файл: E:\OpenServer\domains\ishop.loc\vendor\ishop\core\Router.php | Строка: 38
=================
[2018-04-16 18:26:44] Текст ошибки: Страница не найдена | Файл: E:\OpenServer\domains\ishop.loc\vendor\ishop\core\Router.php | Строка: 38
=================
[2018-04-16 18:26:44] Текст ошибки: Страница не найдена | Файл: E:\OpenServer\domains\ishop.loc\vendor\ishop\core\Router.php | Строка: 38
=================
[2018-04-16 18:26:44] Текст ошибки: Страница не найдена | Файл: E:\OpenServer\domains\ishop.loc\vendor\ishop\core\Router.php | Строка: 38
=================
[2018-04-16 18:26:44] Текст ошибки: Страница не найдена | Файл: E:\OpenServer\domains\ishop.loc\vendor\ishop\core\Router.php | Строка: 38
=================
[2018-04-16 18:26:44] Текст ошибки: Страница не найдена | Файл: E:\OpenServer\domains\ishop.loc\vendor\ishop\core\Router.php | Строка: 38
=================
[2018-04-16 18:26:44] Текст ошибки: Страница не найдена | Файл: E:\OpenServer\domains\ishop.loc\vendor\ishop\core\Router.php | Строка: 38
=================
[2018-04-16 18:26:44] Текст ошибки: Страница не найдена | Файл: E:\OpenServer\domains\ishop.loc\vendor\ishop\core\Router.php | Строка: 38
=================
[2018-04-16 18:28:30] Текст ошибки: Страница не найдена | Файл: E:\OpenServer\domains\ishop.loc\vendor\ishop\core\Router.php | Строка: 38
=================
[2018-04-16 18:28:30] Текст ошибки: Страница не найдена | Файл: E:\OpenServer\domains\ishop.loc\vendor\ishop\core\Router.php | Строка: 38
=================
[2018-04-16 18:28:30] Текст ошибки: Страница не найдена | Файл: E:\OpenServer\domains\ishop.loc\vendor\ishop\core\Router.php | Строка: 38
=================
[2018-04-16 18:28:30] Текст ошибки: Страница не найдена | Файл: E:\OpenServer\domains\ishop.loc\vendor\ishop\core\Router.php | Строка: 38
=================
[2018-04-16 18:28:31] Текст ошибки: Страница не найдена | Файл: E:\OpenServer\domains\ishop.loc\vendor\ishop\core\Router.php | Строка: 38
=================
[2018-04-16 18:28:31] Текст ошибки: Страница не найдена | Файл: E:\OpenServer\domains\ishop.loc\vendor\ishop\core\Router.php | Строка: 38
=================
[2018-04-16 18:28:31] Текст ошибки: Страница не найдена | Файл: E:\OpenServer\domains\ishop.loc\vendor\ishop\core\Router.php | Строка: 38
=================
[2018-04-16 18:28:31] Текст ошибки: Страница не найдена | Файл: E:\OpenServer\domains\ishop.loc\vendor\ishop\core\Router.php | Строка: 38
=================
[2018-04-16 18:28:31] Текст ошибки: Страница не найдена | Файл: E:\OpenServer\domains\ishop.loc\vendor\ishop\core\Router.php | Строка: 38
=================
[2018-04-16 18:28:31] Текст ошибки: Страница не найдена | Файл: E:\OpenServer\domains\ishop.loc\vendor\ishop\core\Router.php | Строка: 38
=================
[2018-04-16 18:28:31] Текст ошибки: Страница не найдена | Файл: E:\OpenServer\domains\ishop.loc\vendor\ishop\core\Router.php | Строка: 38
=================
[2018-04-16 18:28:31] Текст ошибки: Страница не найдена | Файл: E:\OpenServer\domains\ishop.loc\vendor\ishop\core\Router.php | Строка: 38
=================
[2018-04-16 18:28:31] Текст ошибки: Страница не найдена | Файл: E:\OpenServer\domains\ishop.loc\vendor\ishop\core\Router.php | Строка: 38
=================
[2018-04-16 18:28:31] Текст ошибки: Страница не найдена | Файл: E:\OpenServer\domains\ishop.loc\vendor\ishop\core\Router.php | Строка: 38
=================
[2018-04-16 18:29:48] Текст ошибки: Страница не найдена | Файл: E:\OpenServer\domains\ishop.loc\vendor\ishop\core\Router.php | Строка: 38
=================
[2018-04-16 18:29:48] Текст ошибки: Страница не найдена | Файл: E:\OpenServer\domains\ishop.loc\vendor\ishop\core\Router.php | Строка: 38
=================
[2018-04-16 18:29:48] Текст ошибки: Страница не найдена | Файл: E:\OpenServer\domains\ishop.loc\vendor\ishop\core\Router.php | Строка: 38
=================
[2018-04-16 18:29:48] Текст ошибки: Страница не найдена | Файл: E:\OpenServer\domains\ishop.loc\vendor\ishop\core\Router.php | Строка: 38
=================
[2018-04-16 18:29:48] Текст ошибки: Страница не найдена | Файл: E:\OpenServer\domains\ishop.loc\vendor\ishop\core\Router.php | Строка: 38
=================
[2018-04-16 18:29:48] Текст ошибки: Страница не найдена | Файл: E:\OpenServer\domains\ishop.loc\vendor\ishop\core\Router.php | Строка: 38
=================
[2018-04-16 18:29:48] Текст ошибки: Страница не найдена | Файл: E:\OpenServer\domains\ishop.loc\vendor\ishop\core\Router.php | Строка: 38
=================
[2018-04-16 18:29:48] Текст ошибки: Страница не найдена | Файл: E:\OpenServer\domains\ishop.loc\vendor\ishop\core\Router.php | Строка: 38
=================
[2018-04-16 18:29:48] Текст ошибки: Страница не найдена | Файл: E:\OpenServer\domains\ishop.loc\vendor\ishop\core\Router.php | Строка: 38
=================
[2018-04-16 18:29:48] Текст ошибки: Страница не найдена | Файл: E:\OpenServer\domains\ishop.loc\vendor\ishop\core\Router.php | Строка: 38
=================
[2018-04-16 18:29:49] Текст ошибки: Страница не найдена | Файл: E:\OpenServer\domains\ishop.loc\vendor\ishop\core\Router.php | Строка: 38
=================
[2018-04-16 18:29:49] Текст ошибки: Страница не найдена | Файл: E:\OpenServer\domains\ishop.loc\vendor\ishop\core\Router.php | Строка: 38
=================
[2018-04-16 18:29:49] Текст ошибки: Страница не найдена | Файл: E:\OpenServer\domains\ishop.loc\vendor\ishop\core\Router.php | Строка: 38
=================
[2018-04-16 18:29:49] Текст ошибки: Страница не найдена | Файл: E:\OpenServer\domains\ishop.loc\vendor\ishop\core\Router.php | Строка: 38
=================
[2018-04-16 18:30:29] Текст ошибки: Страница не найдена | Файл: E:\OpenServer\domains\ishop.loc\vendor\ishop\core\Router.php | Строка: 38
=================
[2018-04-16 18:30:29] Текст ошибки: Страница не найдена | Файл: E:\OpenServer\domains\ishop.loc\vendor\ishop\core\Router.php | Строка: 38
=================
[2018-04-16 18:30:29] Текст ошибки: Страница не найдена | Файл: E:\OpenServer\domains\ishop.loc\vendor\ishop\core\Router.php | Строка: 38
=================
[2018-04-16 18:30:29] Текст ошибки: Страница не найдена | Файл: E:\OpenServer\domains\ishop.loc\vendor\ishop\core\Router.php | Строка: 38
=================
[2018-04-16 18:30:29] Текст ошибки: Страница не найдена | Файл: E:\OpenServer\domains\ishop.loc\vendor\ishop\core\Router.php | Строка: 38
=================
[2018-04-16 18:30:29] Текст ошибки: Страница не найдена | Файл: E:\OpenServer\domains\ishop.loc\vendor\ishop\core\Router.php | Строка: 38
=================
[2018-04-16 18:30:29] Текст ошибки: Страница не найдена | Файл: E:\OpenServer\domains\ishop.loc\vendor\ishop\core\Router.php | Строка: 38
=================
[2018-04-16 18:30:29] Текст ошибки: Страница не найдена | Файл: E:\OpenServer\domains\ishop.loc\vendor\ishop\core\Router.php | Строка: 38
=================
[2018-04-16 18:30:29] Текст ошибки: Страница не найдена | Файл: E:\OpenServer\domains\ishop.loc\vendor\ishop\core\Router.php | Строка: 38
=================
[2018-04-16 18:30:29] Текст ошибки: Страница не найдена | Файл: E:\OpenServer\domains\ishop.loc\vendor\ishop\core\Router.php | Строка: 38
=================
[2018-04-16 18:31:04] Текст ошибки: Страница не найдена | Файл: E:\OpenServer\domains\ishop.loc\vendor\ishop\core\Router.php | Строка: 38
=================
[2018-04-16 18:31:04] Текст ошибки: Страница не найдена | Файл: E:\OpenServer\domains\ishop.loc\vendor\ishop\core\Router.php | Строка: 38
=================
[2018-04-16 18:31:04] Текст ошибки: Страница не найдена | Файл: E:\OpenServer\domains\ishop.loc\vendor\ishop\core\Router.php | Строка: 38
=================
[2018-04-16 18:31:04] Текст ошибки: Страница не найдена | Файл: E:\OpenServer\domains\ishop.loc\vendor\ishop\core\Router.php | Строка: 38
=================
[2018-04-16 18:31:04] Текст ошибки: Страница не найдена | Файл: E:\OpenServer\domains\ishop.loc\vendor\ishop\core\Router.php | Строка: 38
=================
[2018-04-16 18:31:04] Текст ошибки: Страница не найдена | Файл: E:\OpenServer\domains\ishop.loc\vendor\ishop\core\Router.php | Строка: 38
=================
[2018-04-16 18:31:04] Текст ошибки: Страница не найдена | Файл: E:\OpenServer\domains\ishop.loc\vendor\ishop\core\Router.php | Строка: 38
=================
[2018-04-16 18:31:04] Текст ошибки: Страница не найдена | Файл: E:\OpenServer\domains\ishop.loc\vendor\ishop\core\Router.php | Строка: 38
=================
[2018-04-16 18:31:04] Текст ошибки: Страница не найдена | Файл: E:\OpenServer\domains\ishop.loc\vendor\ishop\core\Router.php | Строка: 38
=================
[2018-04-16 18:31:06] Текст ошибки: Страница не найдена | Файл: E:\OpenServer\domains\ishop.loc\vendor\ishop\core\Router.php | Строка: 38
=================
[2018-04-16 18:31:06] Текст ошибки: Страница не найдена | Файл: E:\OpenServer\domains\ishop.loc\vendor\ishop\core\Router.php | Строка: 38
=================
[2018-04-16 18:31:06] Текст ошибки: Страница не найдена | Файл: E:\OpenServer\domains\ishop.loc\vendor\ishop\core\Router.php | Строка: 38
=================
[2018-04-16 18:31:06] Текст ошибки: Страница не найдена | Файл: E:\OpenServer\domains\ishop.loc\vendor\ishop\core\Router.php | Строка: 38
=================
[2018-04-16 18:31:06] Текст ошибки: Страница не найдена | Файл: E:\OpenServer\domains\ishop.loc\vendor\ishop\core\Router.php | Строка: 38
=================
[2018-04-16 18:31:06] Текст ошибки: Страница не найдена | Файл: E:\OpenServer\domains\ishop.loc\vendor\ishop\core\Router.php | Строка: 38
=================
[2018-04-16 18:31:06] Текст ошибки: Страница не найдена | Файл: E:\OpenServer\domains\ishop.loc\vendor\ishop\core\Router.php | Строка: 38
=================
[2018-04-16 18:31:06] Текст ошибки: Страница не найдена | Файл: E:\OpenServer\domains\ishop.loc\vendor\ishop\core\Router.php | Строка: 38
=================
[2018-04-16 18:31:06] Текст ошибки: Страница не найдена | Файл: E:\OpenServer\domains\ishop.loc\vendor\ishop\core\Router.php | Строка: 38
=================
[2018-04-16 18:31:07] Текст ошибки: Страница не найдена | Файл: E:\OpenServer\domains\ishop.loc\vendor\ishop\core\Router.php | Строка: 38
=================
[2018-04-16 18:31:48] Текст ошибки: Страница не найдена | Файл: E:\OpenServer\domains\ishop.loc\vendor\ishop\core\Router.php | Строка: 38
=================
[2018-04-16 18:31:48] Текст ошибки: Страница не найдена | Файл: E:\OpenServer\domains\ishop.loc\vendor\ishop\core\Router.php | Строка: 38
=================
[2018-04-16 18:31:48] Текст ошибки: Страница не найдена | Файл: E:\OpenServer\domains\ishop.loc\vendor\ishop\core\Router.php | Строка: 38
=================
[2018-04-16 18:31:48] Текст ошибки: Страница не найдена | Файл: E:\OpenServer\domains\ishop.loc\vendor\ishop\core\Router.php | Строка: 38
=================
[2018-04-16 18:31:48] Текст ошибки: Страница не найдена | Файл: E:\OpenServer\domains\ishop.loc\vendor\ishop\core\Router.php | Строка: 38
=================
[2018-04-16 18:31:48] Текст ошибки: Страница не найдена | Файл: E:\OpenServer\domains\ishop.loc\vendor\ishop\core\Router.php | Строка: 38
=================
[2018-04-16 18:31:48] Текст ошибки: Страница не найдена | Файл: E:\OpenServer\domains\ishop.loc\vendor\ishop\core\Router.php | Строка: 38
=================
[2018-04-16 18:31:48] Текст ошибки: Страница не найдена | Файл: E:\OpenServer\domains\ishop.loc\vendor\ishop\core\Router.php | Строка: 38
=================
[2018-04-16 18:31:48] Текст ошибки: Страница не найдена | Файл: E:\OpenServer\domains\ishop.loc\vendor\ishop\core\Router.php | Строка: 38
=================
[2018-04-16 18:31:48] Текст ошибки: Страница не найдена | Файл: E:\OpenServer\domains\ishop.loc\vendor\ishop\core\Router.php | Строка: 38
=================
[2018-04-16 18:31:48] Текст ошибки: Страница не найдена | Файл: E:\OpenServer\domains\ishop.loc\vendor\ishop\core\Router.php | Строка: 38
=================
[2018-04-16 18:31:48] Текст ошибки: Страница не найдена | Файл: E:\OpenServer\domains\ishop.loc\vendor\ishop\core\Router.php | Строка: 38
=================
[2018-04-16 18:32:21] Текст ошибки: Страница не найдена | Файл: E:\OpenServer\domains\ishop.loc\vendor\ishop\core\Router.php | Строка: 38
=================
[2018-04-16 18:32:21] Текст ошибки: Страница не найдена | Файл: E:\OpenServer\domains\ishop.loc\vendor\ishop\core\Router.php | Строка: 38
=================
[2018-04-16 18:32:24] Текст ошибки: Страница не найдена | Файл: E:\OpenServer\domains\ishop.loc\vendor\ishop\core\Router.php | Строка: 38
=================
[2018-04-16 18:33:03] Текст ошибки: Страница не найдена | Файл: E:\OpenServer\domains\ishop.loc\vendor\ishop\core\Router.php | Строка: 38
=================
[2018-04-16 18:33:03] Текст ошибки: Страница не найдена | Файл: E:\OpenServer\domains\ishop.loc\vendor\ishop\core\Router.php | Строка: 38
=================
[2018-04-16 18:33:03] Текст ошибки: Страница не найдена | Файл: E:\OpenServer\domains\ishop.loc\vendor\ishop\core\Router.php | Строка: 38
=================
[2018-04-16 18:33:03] Текст ошибки: Страница не найдена | Файл: E:\OpenServer\domains\ishop.loc\vendor\ishop\core\Router.php | Строка: 38
=================
[2018-04-16 18:33:03] Текст ошибки: Страница не найдена | Файл: E:\OpenServer\domains\ishop.loc\vendor\ishop\core\Router.php | Строка: 38
=================
[2018-04-16 18:33:03] Текст ошибки: Страница не найдена | Файл: E:\OpenServer\domains\ishop.loc\vendor\ishop\core\Router.php | Строка: 38
=================
[2018-04-16 18:33:03] Текст ошибки: Страница не найдена | Файл: E:\OpenServer\domains\ishop.loc\vendor\ishop\core\Router.php | Строка: 38
=================
[2018-04-16 18:33:04] Текст ошибки: Страница не найдена | Файл: E:\OpenServer\domains\ishop.loc\vendor\ishop\core\Router.php | Строка: 38
=================
[2018-04-16 18:33:04] Текст ошибки: Страница не найдена | Файл: E:\OpenServer\domains\ishop.loc\vendor\ishop\core\Router.php | Строка: 38
=================
[2018-04-16 18:33:04] Текст ошибки: Страница не найдена | Файл: E:\OpenServer\domains\ishop.loc\vendor\ishop\core\Router.php | Строка: 38
=================
[2018-04-16 18:33:29] Текст ошибки: Страница не найдена | Файл: E:\OpenServer\domains\ishop.loc\vendor\ishop\core\Router.php | Строка: 38
=================
[2018-04-16 18:33:29] Текст ошибки: Страница не найдена | Файл: E:\OpenServer\domains\ishop.loc\vendor\ishop\core\Router.php | Строка: 38
=================
[2018-04-16 18:33:29] Текст ошибки: Страница не найдена | Файл: E:\OpenServer\domains\ishop.loc\vendor\ishop\core\Router.php | Строка: 38
=================
[2018-04-16 18:34:43] Текст ошибки: Страница не найдена | Файл: E:\OpenServer\domains\ishop.loc\vendor\ishop\core\Router.php | Строка: 38
=================
[2018-04-16 18:34:46] Текст ошибки: Страница не найдена | Файл: E:\OpenServer\domains\ishop.loc\vendor\ishop\core\Router.php | Строка: 38
=================
[2018-04-16 18:38:28] Текст ошибки: Страница не найдена | Файл: E:\OpenServer\domains\ishop.loc\vendor\ishop\core\Router.php | Строка: 38
=================
[2018-04-16 18:38:28] Текст ошибки: Страница не найдена | Файл: E:\OpenServer\domains\ishop.loc\vendor\ishop\core\Router.php | Строка: 38
=================
[2018-04-16 18:38:28] Текст ошибки: Страница не найдена | Файл: E:\OpenServer\domains\ishop.loc\vendor\ishop\core\Router.php | Строка: 38
=================
[2018-04-16 18:38:28] Текст ошибки: Страница не найдена | Файл: E:\OpenServer\domains\ishop.loc\vendor\ishop\core\Router.php | Строка: 38
=================
[2018-04-16 18:38:28] Текст ошибки: Страница не найдена | Файл: E:\OpenServer\domains\ishop.loc\vendor\ishop\core\Router.php | Строка: 38
=================
[2018-04-16 18:38:28] Текст ошибки: Страница не найдена | Файл: E:\OpenServer\domains\ishop.loc\vendor\ishop\core\Router.php | Строка: 38
=================
[2018-04-16 18:38:28] Текст ошибки: Страница не найдена | Файл: E:\OpenServer\domains\ishop.loc\vendor\ishop\core\Router.php | Строка: 38
=================
[2018-04-16 18:38:28] Текст ошибки: Страница не найдена | Файл: E:\OpenServer\domains\ishop.loc\vendor\ishop\core\Router.php | Строка: 38
=================
[2018-04-16 18:38:28] Текст ошибки: Страница не найдена | Файл: E:\OpenServer\domains\ishop.loc\vendor\ishop\core\Router.php | Строка: 38
=================
[2018-04-16 18:38:28] Текст ошибки: Страница не найдена | Файл: E:\OpenServer\domains\ishop.loc\vendor\ishop\core\Router.php | Строка: 38
=================
[2018-04-16 18:38:28] Текст ошибки: Страница не найдена | Файл: E:\OpenServer\domains\ishop.loc\vendor\ishop\core\Router.php | Строка: 38
=================
[2018-04-16 18:38:28] Текст ошибки: Страница не найдена | Файл: E:\OpenServer\domains\ishop.loc\vendor\ishop\core\Router.php | Строка: 38
=================
[2018-04-16 18:38:28] Текст ошибки: Страница не найдена | Файл: E:\OpenServer\domains\ishop.loc\vendor\ishop\core\Router.php | Строка: 38
=================
[2018-04-16 18:38:28] Текст ошибки: Страница не найдена | Файл: E:\OpenServer\domains\ishop.loc\vendor\ishop\core\Router.php | Строка: 38
=================
[2018-04-16 23:36:50] Текст ошибки: Страница не найдена | Файл: E:\OpenServer\domains\ishop.loc\vendor\ishop\core\Router.php | Строка: 38
=================
[2018-04-16 23:38:37] Текст ошибки: Страница не найдена | Файл: E:\OpenServer\domains\ishop.loc\vendor\ishop\core\Router.php | Строка: 38
=================
[2018-04-16 23:39:12] Текст ошибки: Страница не найдена | Файл: E:\OpenServer\domains\ishop.loc\vendor\ishop\core\Router.php | Строка: 38
=================
[2018-04-16 23:39:31] Текст ошибки: Страница не найдена | Файл: E:\OpenServer\domains\ishop.loc\vendor\ishop\core\Router.php | Строка: 38
=================
[2018-04-16 23:39:51] Текст ошибки: Страница не найдена | Файл: E:\OpenServer\domains\ishop.loc\vendor\ishop\core\Router.php | Строка: 38
=================
[2018-04-16 23:40:06] Текст ошибки: Страница не найдена | Файл: E:\OpenServer\domains\ishop.loc\vendor\ishop\core\Router.php | Строка: 38
=================
[2018-04-16 23:40:59] Текст ошибки: Страница не найдена | Файл: E:\OpenServer\domains\ishop.loc\vendor\ishop\core\Router.php | Строка: 38
=================
[2018-04-16 23:41:18] Текст ошибки: Страница не найдена | Файл: E:\OpenServer\domains\ishop.loc\vendor\ishop\core\Router.php | Строка: 38
=================
[2018-04-17 15:21:35] Текст ошибки: Страница не найдена | Файл: E:\OpenServer\domains\ishop.loc\vendor\ishop\core\Router.php | Строка: 38
=================
[2018-04-17 15:21:37] Текст ошибки: Страница не найдена | Файл: E:\OpenServer\domains\ishop.loc\vendor\ishop\core\Router.php | Строка: 38
=================
[2018-04-17 15:38:56] Текст ошибки: Страница не найдена | Файл: E:\OpenServer\domains\ishop.loc\vendor\ishop\core\Router.php | Строка: 38
=================
[2018-04-19 15:44:13] Текст ошибки: Страница не найдена | Файл: E:\OpenServer\domains\ishop.loc\vendor\ishop\core\Router.php | Строка: 38
=================
[2018-04-19 15:45:23] Текст ошибки: Страница не найдена | Файл: E:\OpenServer\domains\ishop.loc\vendor\ishop\core\Router.php | Строка: 38
=================
[2018-04-19 16:05:13] Текст ошибки: Страница не найдена | Файл: E:\OpenServer\domains\ishop.loc\vendor\ishop\core\Router.php | Строка: 38
=================
[2018-04-19 16:07:11] Текст ошибки: Страница не найдена | Файл: E:\OpenServer\domains\ishop.loc\vendor\ishop\core\Router.php | Строка: 38
=================
[2018-04-19 16:08:06] Текст ошибки: Страница не найдена | Файл: E:\OpenServer\domains\ishop.loc\vendor\ishop\core\Router.php | Строка: 38
=================
[2018-04-19 16:16:21] Текст ошибки: Страница не найдена | Файл: E:\OpenServer\domains\ishop.loc\vendor\ishop\core\Router.php | Строка: 38
=================
[2018-04-19 16:18:40] Текст ошибки: Страница не найдена | Файл: E:\OpenServer\domains\ishop.loc\vendor\ishop\core\Router.php | Строка: 38
=================
[2018-04-19 16:19:22] Текст ошибки: Страница не найдена | Файл: E:\OpenServer\domains\ishop.loc\vendor\ishop\core\Router.php | Строка: 38
=================
[2018-04-19 16:26:25] Текст ошибки: Страница не найдена | Файл: E:\OpenServer\domains\ishop.loc\vendor\ishop\core\Router.php | Строка: 38
=================
[2018-04-19 16:27:10] Текст ошибки: Страница не найдена | Файл: E:\OpenServer\domains\ishop.loc\vendor\ishop\core\Router.php | Строка: 38
=================
[2018-04-19 16:27:16] Текст ошибки: Страница не найдена | Файл: E:\OpenServer\domains\ishop.loc\vendor\ishop\core\Router.php | Строка: 38
=================
[2018-04-19 16:27:25] Текст ошибки: Страница не найдена | Файл: E:\OpenServer\domains\ishop.loc\vendor\ishop\core\Router.php | Строка: 38
=================
[2018-04-19 16:28:47] Текст ошибки: Страница не найдена | Файл: E:\OpenServer\domains\ishop.loc\vendor\ishop\core\Router.php | Строка: 38
=================
[2018-04-19 16:28:50] Текст ошибки: Страница не найдена | Файл: E:\OpenServer\domains\ishop.loc\vendor\ishop\core\Router.php | Строка: 38
=================
[2018-04-19 16:30:14] Текст ошибки: Страница не найдена | Файл: E:\OpenServer\domains\ishop.loc\vendor\ishop\core\Router.php | Строка: 38
=================
[2018-04-19 16:30:18] Текст ошибки: Страница не найдена | Файл: E:\OpenServer\domains\ishop.loc\vendor\ishop\core\Router.php | Строка: 38
=================
[2018-04-19 16:30:59] Текст ошибки: Страница не найдена | Файл: E:\OpenServer\domains\ishop.loc\vendor\ishop\core\Router.php | Строка: 38
=================
[2018-04-19 16:31:03] Текст ошибки: Страница не найдена | Файл: E:\OpenServer\domains\ishop.loc\vendor\ishop\core\Router.php | Строка: 38
=================
[2018-04-19 16:31:07] Текст ошибки: Страница не найдена | Файл: E:\OpenServer\domains\ishop.loc\vendor\ishop\core\Router.php | Строка: 38
=================
[2018-04-19 17:02:26] Текст ошибки: Страница не найдена | Файл: E:\OpenServer\domains\ishop.loc\vendor\ishop\core\Router.php | Строка: 39
=================
[2018-04-19 17:02:34] Текст ошибки: Страница не найдена | Файл: E:\OpenServer\domains\ishop.loc\vendor\ishop\core\Router.php | Строка: 39
=================
[2018-04-19 17:03:02] Текст ошибки: Страница не найдена | Файл: E:\OpenServer\domains\ishop.loc\vendor\ishop\core\Router.php | Строка: 39
=================
[2018-04-19 17:03:14] Текст ошибки: Страница не найдена | Файл: E:\OpenServer\domains\ishop.loc\vendor\ishop\core\Router.php | Строка: 39
=================
[2018-04-19 17:03:18] Текст ошибки: Страница не найдена | Файл: E:\OpenServer\domains\ishop.loc\vendor\ishop\core\Router.php | Строка: 39
=================
[2018-04-19 17:08:13] Текст ошибки: Страница не найдена | Файл: E:\OpenServer\domains\ishop.loc\vendor\ishop\core\Router.php | Строка: 39
=================
[2018-04-19 17:08:18] Текст ошибки: Страница не найдена | Файл: E:\OpenServer\domains\ishop.loc\vendor\ishop\core\Router.php | Строка: 39
=================
[2018-04-19 17:09:45] Текст ошибки: Страница не найдена | Файл: E:\OpenServer\domains\ishop.loc\vendor\ishop\core\Router.php | Строка: 40
=================
[2018-04-19 17:10:19] Текст ошибки: Страница не найдена | Файл: E:\OpenServer\domains\ishop.loc\vendor\ishop\core\Router.php | Строка: 40
=================
[2018-04-19 17:10:24] Текст ошибки: Страница не найдена | Файл: E:\OpenServer\domains\ishop.loc\vendor\ishop\core\Router.php | Строка: 40
=================
[2018-04-19 17:10:57] Текст ошибки: Страница не найдена | Файл: E:\OpenServer\domains\ishop.loc\vendor\ishop\core\Router.php | Строка: 40
=================
[2018-04-19 17:11:00] Текст ошибки: Немоє такого виду | Файл: E:\OpenServer\domains\ishop.loc\vendor\ishop\core\base\View.php | Строка: 43
=================
[2018-04-19 17:11:23] Текст ошибки: Страница не найдена | Файл: E:\OpenServer\domains\ishop.loc\vendor\ishop\core\Router.php | Строка: 40
=================
[2018-04-19 17:11:26] Текст ошибки: Немоє такого виду | Файл: E:\OpenServer\domains\ishop.loc\vendor\ishop\core\base\View.php | Строка: 43
=================
[2018-04-19 17:12:22] Текст ошибки: Немоє такого виду | Файл: E:\OpenServer\domains\ishop.loc\vendor\ishop\core\base\View.php | Строка: 43
=================
[2018-04-19 17:32:57] Текст ошибки: Немоє такого виду | Файл: E:\OpenServer\domains\ishop.loc\vendor\ishop\core\base\View.php | Строка: 43
=================
[2018-04-19 17:33:00] Текст ошибки: Немоє такого виду | Файл: E:\OpenServer\domains\ishop.loc\vendor\ishop\core\base\View.php | Строка: 43
=================
[2018-04-19 17:33:02] Текст ошибки: Страница не найдена | Файл: E:\OpenServer\domains\ishop.loc\vendor\ishop\core\Router.php | Строка: 38
=================
[2018-04-19 17:33:04] Текст ошибки: Немоє такого виду | Файл: E:\OpenServer\domains\ishop.loc\vendor\ishop\core\base\View.php | Строка: 43
=================
[2018-04-19 17:33:08] Текст ошибки: Немоє такого виду | Файл: E:\OpenServer\domains\ishop.loc\vendor\ishop\core\base\View.php | Строка: 43
=================
[2018-04-19 17:33:22] Текст ошибки: Немоє такого виду | Файл: E:\OpenServer\domains\ishop.loc\vendor\ishop\core\base\View.php | Строка: 43
=================
[2018-04-19 17:34:36] Текст ошибки: Страница не найдена | Файл: E:\OpenServer\domains\ishop.loc\vendor\ishop\core\Router.php | Строка: 38
=================
[2018-04-19 17:34:55] Текст ошибки: Страница не найдена | Файл: E:\OpenServer\domains\ishop.loc\vendor\ishop\core\Router.php | Строка: 38
=================
[2018-04-19 17:36:31] Текст ошибки: Страница не найдена | Файл: E:\OpenServer\domains\ishop.loc\vendor\ishop\core\Router.php | Строка: 38
=================
[2018-04-19 17:36:51] Текст ошибки: Страница не найдена | Файл: E:\OpenServer\domains\ishop.loc\vendor\ishop\core\Router.php | Строка: 38
=================
[2018-04-19 17:37:15] Текст ошибки: Страница не найдена | Файл: E:\OpenServer\domains\ishop.loc\vendor\ishop\core\Router.php | Строка: 38
=================
[2018-04-19 17:38:46] Текст ошибки: Страница не найдена | Файл: E:\OpenServer\domains\ishop.loc\vendor\ishop\core\Router.php | Строка: 38
=================
[2018-04-19 17:39:34] Текст ошибки: Страница не найдена | Файл: E:\OpenServer\domains\ishop.loc\vendor\ishop\core\Router.php | Строка: 38
=================
[2018-04-19 18:01:45] Текст ошибки: Страница не найдена | Файл: E:\OpenServer\domains\ishop.loc\vendor\ishop\core\Router.php | Строка: 38
=================
[2018-04-19 18:02:17] Текст ошибки: Страница не найдена | Файл: E:\OpenServer\domains\ishop.loc\vendor\ishop\core\Router.php | Строка: 38
=================
[2018-04-19 18:02:36] Текст ошибки: Страница не найдена | Файл: E:\OpenServer\domains\ishop.loc\vendor\ishop\core\Router.php | Строка: 38
=================
[2018-04-19 18:03:21] Текст ошибки: Страница не найдена | Файл: E:\OpenServer\domains\ishop.loc\vendor\ishop\core\Router.php | Строка: 38
=================
[2018-04-19 18:03:36] Текст ошибки: Страница не найдена | Файл: E:\OpenServer\domains\ishop.loc\vendor\ishop\core\Router.php | Строка: 38
=================
[2018-04-19 18:03:55] Текст ошибки: Страница не найдена | Файл: E:\OpenServer\domains\ishop.loc\vendor\ishop\core\Router.php | Строка: 38
=================
[2018-04-19 18:04:10] Текст ошибки: Страница не найдена | Файл: E:\OpenServer\domains\ishop.loc\vendor\ishop\core\Router.php | Строка: 38
=================
[2018-04-19 18:04:35] Текст ошибки: Страница не найдена | Файл: E:\OpenServer\domains\ishop.loc\vendor\ishop\core\Router.php | Строка: 38
=================
[2018-04-19 18:20:54] Текст ошибки: Страница не найдена | Файл: E:\OpenServer\domains\ishop.loc\vendor\ishop\core\Router.php | Строка: 38
=================
[2018-04-19 18:21:02] Текст ошибки: Страница не найдена | Файл: E:\OpenServer\domains\ishop.loc\vendor\ishop\core\Router.php | Строка: 38
=================
[2018-04-19 18:30:21] Текст ошибки: Страница не найдена | Файл: E:\OpenServer\domains\ishop.loc\vendor\ishop\core\Router.php | Строка: 38
=================
[2018-04-19 18:30:24] Текст ошибки: Страница не найдена | Файл: E:\OpenServer\domains\ishop.loc\vendor\ishop\core\Router.php | Строка: 38
=================
[2018-04-19 18:30:39] Текст ошибки: Страница не найдена | Файл: E:\OpenServer\domains\ishop.loc\vendor\ishop\core\Router.php | Строка: 38
=================
[2018-04-19 18:30:42] Текст ошибки: Страница не найдена | Файл: E:\OpenServer\domains\ishop.loc\vendor\ishop\core\Router.php | Строка: 38
=================
[2018-04-19 19:55:59] Текст ошибки: Страница не найдена | Файл: E:\OpenServer\domains\ishop.loc\vendor\ishop\core\Router.php | Строка: 38
=================
[2018-04-19 19:57:05] Текст ошибки: Страница не найдена | Файл: E:\OpenServer\domains\ishop.loc\vendor\ishop\core\Router.php | Строка: 38
=================
[2018-04-19 19:57:24] Текст ошибки: Страница не найдена | Файл: E:\OpenServer\domains\ishop.loc\vendor\ishop\core\Router.php | Строка: 38
=================
[2018-04-19 20:06:18] Текст ошибки: Страница не найдена | Файл: E:\OpenServer\domains\ishop.loc\vendor\ishop\core\Router.php | Строка: 38
=================
[2018-04-19 20:06:21] Текст ошибки: Страница не найдена | Файл: E:\OpenServer\domains\ishop.loc\vendor\ishop\core\Router.php | Строка: 38
=================
[2018-04-19 20:06:35] Текст ошибки: Страница не найдена | Файл: E:\OpenServer\domains\ishop.loc\vendor\ishop\core\Router.php | Строка: 38
=================
[2018-04-19 20:06:42] Текст ошибки: Страница не найдена | Файл: E:\OpenServer\domains\ishop.loc\vendor\ishop\core\Router.php | Строка: 38
=================
[2018-04-19 20:06:49] Текст ошибки: Страница не найдена | Файл: E:\OpenServer\domains\ishop.loc\vendor\ishop\core\Router.php | Строка: 38
=================
[2018-04-19 20:06:51] Текст ошибки: Страница не найдена | Файл: E:\OpenServer\domains\ishop.loc\vendor\ishop\core\Router.php | Строка: 38
=================
[2018-04-19 20:06:53] Текст ошибки: Страница не найдена | Файл: E:\OpenServer\domains\ishop.loc\vendor\ishop\core\Router.php | Строка: 38
=================
[2018-04-19 20:10:40] Текст ошибки: Страница не найдена | Файл: E:\OpenServer\domains\ishop.loc\vendor\ishop\core\Router.php | Строка: 38
=================
[2018-04-19 20:16:10] Текст ошибки: Страница не найдена | Файл: E:\OpenServer\domains\ishop.loc\vendor\ishop\core\Router.php | Строка: 38
=================
[2018-04-19 20:20:19] Текст ошибки: Страница не найдена | Файл: E:\OpenServer\domains\ishop.loc\vendor\ishop\core\Router.php | Строка: 38
=================
[2018-04-19 20:20:55] Текст ошибки: Страница не найдена | Файл: E:\OpenServer\domains\ishop.loc\vendor\ishop\core\Router.php | Строка: 38
=================
[2018-04-19 20:22:07] Текст ошибки: Страница не найдена | Файл: E:\OpenServer\domains\ishop.loc\vendor\ishop\core\Router.php | Строка: 38
=================
[2018-04-19 20:22:44] Текст ошибки: Страница не найдена | Файл: E:\OpenServer\domains\ishop.loc\vendor\ishop\core\Router.php | Строка: 38
=================
[2018-04-19 20:22:53] Текст ошибки: Страница не найдена | Файл: E:\OpenServer\domains\ishop.loc\vendor\ishop\core\Router.php | Строка: 38
=================
[2018-04-19 20:23:10] Текст ошибки: Страница не найдена | Файл: E:\OpenServer\domains\ishop.loc\vendor\ishop\core\Router.php | Строка: 38
=================
[2018-04-19 20:24:01] Текст ошибки: Страница не найдена | Файл: E:\OpenServer\domains\ishop.loc\vendor\ishop\core\Router.php | Строка: 38
=================
